#! /usr/bin/vvp
:ivl_version "11.0 (stable)";
:ivl_delay_selection "TYPICAL";
:vpi_time_precision - 10;
:vpi_module "/usr/lib/x86_64-linux-gnu/ivl/system.vpi";
:vpi_module "/usr/lib/x86_64-linux-gnu/ivl/vhdl_sys.vpi";
:vpi_module "/usr/lib/x86_64-linux-gnu/ivl/vhdl_textio.vpi";
:vpi_module "/usr/lib/x86_64-linux-gnu/ivl/v2005_math.vpi";
:vpi_module "/usr/lib/x86_64-linux-gnu/ivl/va_math.vpi";
S_0x5651e70c5c70 .scope module, "test_counter" "test_counter" 2 3;
 .timescale -9 -10;
v0x5651e70dab50_0 .var "clk", 0 0;
v0x5651e70dac10_0 .var "clr", 0 0;
v0x5651e70dace0_0 .net "cnt", 3 0, L_0x5651e70dafa0;  1 drivers
v0x5651e70dade0_0 .var "en", 0 0;
v0x5651e70daeb0_0 .var/i "i", 31 0;
E_0x5651e708b420 .event negedge, v0x5651e70b31b0_0;
S_0x5651e70c5e00 .scope module, "counter_0" "counter" 2 9, 3 4 0, S_0x5651e70c5c70;
 .timescale 0 0;
    .port_info 0 /INPUT 1 "clk";
    .port_info 1 /INPUT 1 "clr";
    .port_info 2 /INPUT 1 "en";
    .port_info 3 /OUTPUT 4 "cnt";
L_0x5651e70dafa0 .functor BUFZ 4, v0x5651e70da8e0_0, C4<0000>, C4<0000>, C4<0000>;
v0x5651e70b31b0_0 .net "clk", 0 0, v0x5651e70dab50_0;  1 drivers
v0x5651e70da650_0 .net "clr", 0 0, v0x5651e70dac10_0;  1 drivers
v0x5651e70da710_0 .net "cnt", 3 0, L_0x5651e70dafa0;  alias, 1 drivers
v0x5651e70da800_0 .var "cnt_next", 3 0;
v0x5651e70da8e0_0 .var "cnt_reg", 3 0;
v0x5651e70daa10_0 .net "en", 0 0, v0x5651e70dade0_0;  1 drivers
E_0x5651e70c3c10 .event posedge, v0x5651e70b31b0_0;
E_0x5651e70c40b0 .event edge, v0x5651e70da8e0_0, v0x5651e70da650_0, v0x5651e70daa10_0;
    .scope S_0x5651e70c5e00;
T_0 ;
    %wait E_0x5651e70c40b0;
    %load/vec4 v0x5651e70da8e0_0;
    %store/vec4 v0x5651e70da800_0, 0, 4;
    %load/vec4 v0x5651e70da650_0;
    %flag_set/vec4 8;
    %jmp/0xz  T_0.0, 8;
    %pushi/vec4 0, 0, 4;
    %store/vec4 v0x5651e70da800_0, 0, 4;
    %jmp T_0.1;
T_0.0 ;
    %load/vec4 v0x5651e70daa10_0;
    %flag_set/vec4 8;
    %jmp/0xz  T_0.2, 8;
    %load/vec4 v0x5651e70da8e0_0;
    %addi 1, 0, 4;
    %store/vec4 v0x5651e70da800_0, 0, 4;
T_0.2 ;
T_0.1 ;
    %jmp T_0;
    .thread T_0, $push;
    .scope S_0x5651e70c5e00;
T_1 ;
    %wait E_0x5651e70c3c10;
    %load/vec4 v0x5651e70da800_0;
    %assign/vec4 v0x5651e70da8e0_0, 0;
    %jmp T_1;
    .thread T_1;
    .scope S_0x5651e70c5c70;
T_2 ;
    %delay 50, 0;
    %load/vec4 v0x5651e70dab50_0;
    %nor/r;
    %store/vec4 v0x5651e70dab50_0, 0, 1;
    %jmp T_2;
    .thread T_2;
    .scope S_0x5651e70c5c70;
T_3 ;
    %vpi_call 2 19 "$dumpfile", "wave.vcd" {0 0 0};
    %vpi_call 2 20 "$dumpvars", 32'sb00000000000000000000000000000000, S_0x5651e70c5c70 {0 0 0};
    %vpi_call 2 23 "$monitor", "t=%-4d: cnt = %d", $time, v0x5651e70dace0_0 {0 0 0};
    %pushi/vec4 0, 0, 1;
    %store/vec4 v0x5651e70dab50_0, 0, 1;
    %pushi/vec4 1, 0, 1;
    %store/vec4 v0x5651e70dac10_0, 0, 1;
    %pushi/vec4 0, 0, 1;
    %store/vec4 v0x5651e70dade0_0, 0, 1;
    %wait E_0x5651e708b420;
    %pushi/vec4 0, 0, 1;
    %store/vec4 v0x5651e70dac10_0, 0, 1;
    %pushi/vec4 1, 0, 1;
    %store/vec4 v0x5651e70dade0_0, 0, 1;
    %pushi/vec4 0, 0, 32;
    %store/vec4 v0x5651e70daeb0_0, 0, 32;
T_3.0 ;
    %load/vec4 v0x5651e70daeb0_0;
    %cmpi/s 32, 0, 32;
    %jmp/0xz T_3.1, 5;
    %wait E_0x5651e708b420;
    %load/vec4 v0x5651e70daeb0_0;
    %addi 1, 0, 32;
    %store/vec4 v0x5651e70daeb0_0, 0, 32;
    %jmp T_3.0;
T_3.1 ;
    %vpi_call 2 33 "$finish" {0 0 0};
    %end;
    .thread T_3;
# The file index is used to find the file name in the following table.
:file_names 4;
    "N/A";
    "<interactive>";
    "test_counter.v";
    "counter.v";
